[html.themehealer.com/careon/index.html]
[backblue.gif]
[fade.gif]
[index.html]
[html.themehealer.com/careon/assets/images/favicons/apple-touch-icon.png]
[html.themehealer.com/careon/assets/images/favicons/favicon-32x32.png]
[html.themehealer.com/careon/assets/images/favicons/favicon-16x16.png]
[html.themehealer.com/careon/assets/images/favicons/site.webmanifest]
[html.themehealer.com/careon/assets/css/animate.min.css]
[html.themehealer.com/careon/assets/css/bootstrap.min.css]
[html.themehealer.com/careon/assets/css/custom-animate.css]
[html.themehealer.com/careon/assets/css/swiper.min.css]
[html.themehealer.com/careon/assets/css/jarallax.css]
[html.themehealer.com/careon/assets/css/jquery.magnific-popup.css]
[html.themehealer.com/careon/assets/css/font-awesome-all.css]
[html.themehealer.com/careon/assets/css/flaticon.css]
[html.themehealer.com/careon/assets/css/owl.carousel.min.css]
[html.themehealer.com/careon/assets/css/odometer.min.css]
[html.themehealer.com/careon/assets/css/owl.theme.default.min.css]
[html.themehealer.com/careon/assets/css/nice-select.css]
[html.themehealer.com/careon/assets/css/jquery-ui.css]
[html.themehealer.com/careon/assets/css/aos.css]
[html.themehealer.com/careon/assets/css/timePicker.css]
[html.themehealer.com/careon/assets/css/module-css/banner.css]
[html.themehealer.com/careon/assets/css/module-css/slider.css]
[html.themehealer.com/careon/assets/css/module-css/footer.css]
[html.themehealer.com/careon/assets/css/module-css/feature.css]
[html.themehealer.com/careon/assets/css/module-css/brand.css]
[html.themehealer.com/careon/assets/css/module-css/about.css]
[html.themehealer.com/careon/assets/css/module-css/service.css]
[html.themehealer.com/careon/assets/css/module-css/project.css]
[html.themehealer.com/careon/assets/css/module-css/team.css]
[html.themehealer.com/careon/assets/css/module-css/faq.css]
[html.themehealer.com/careon/assets/css/module-css/testimonial.css]
[html.themehealer.com/careon/assets/css/module-css/blog.css]
[html.themehealer.com/careon/assets/css/module-css/contact.css]
[html.themehealer.com/careon/assets/css/style.css]
[html.themehealer.com/careon/assets/images/resources/logo-1.png]
[html.themehealer.com/careon/index2.html]
[html.themehealer.com/careon/assets/css/responsive.css]
[html.themehealer.com/careon/index3.html]
[html.themehealer.com/careon/index4.html]
[html.themehealer.com/careon/index-dark.html]
[html.themehealer.com/careon/index5.html]
[html.themehealer.com/careon/index-one-page.html]
[html.themehealer.com/careon/index2-one-page.html]
[html.themehealer.com/careon/index3-one-page.html]
[html.themehealer.com/careon/index4-one-page.html]
[html.themehealer.com/careon/index5-one-page.html]
[html.themehealer.com/careon/about.html]
[html.themehealer.com/careon/doctor.html]
[html.themehealer.com/careon/doctor-carousel.html]
[html.themehealer.com/careon/doctor-details.html]
[html.themehealer.com/careon/project.html]
[html.themehealer.com/careon/project-carousel.html]
[html.themehealer.com/careon/testimonials.html]
[html.themehealer.com/careon/testimonial-carousel.html]
[html.themehealer.com/careon/project-details.html]
[html.themehealer.com/careon/appoinment.html]
[html.themehealer.com/careon/pricing.html]
[html.themehealer.com/careon/404.html]
[html.themehealer.com/careon/services.html]
[html.themehealer.com/careon/service-carousel.html]
[html.themehealer.com/careon/vitality-health-solutions.html]
[html.themehealer.com/careon/faq.html]
[html.themehealer.com/careon/wellSpring-wellness-center.html]
[html.themehealer.com/careon/harmony-family-health-medical.html]
[html.themehealer.com/careon/evergreen-medical-center.html]
[html.themehealer.com/careon/products.html]
[html.themehealer.com/careon/product-details.html]
[html.themehealer.com/careon/pure-life-health-services.html]
[html.themehealer.com/careon/checkout.html]
[html.themehealer.com/careon/cart.html]
[html.themehealer.com/careon/wishlist.html]
[html.themehealer.com/careon/sign-up.html]
[html.themehealer.com/careon/login.html]
[html.themehealer.com/careon/blog.html]
[html.themehealer.com/careon/blog-list.html]
[html.themehealer.com/careon/blog-carousel.html]
[html.themehealer.com/careon/blog-list-2.html]
[html.themehealer.com/careon/contact.html]
[html.themehealer.com/careon/blog-details.html]
[html.themehealer.com/careon/assets/images/resources/banner-one-img-1.png]
[html.themehealer.com/careon/assets/images/shapes/main-slider-one-img-shape-1.png]
[html.themehealer.com/careon/assets/images/resources/banner-one-find-doctor-img-1-1.jpg]
[html.themehealer.com/careon/assets/images/resources/banner-one-find-doctor-img-1-2.jpg]
[html.themehealer.com/careon/assets/images/resources/about-one-img-1.jpg]
[html.themehealer.com/careon/assets/images/brand/brand-1-1.png]
[html.themehealer.com/careon/assets/images/brand/brand-1-2.png]
[html.themehealer.com/careon/assets/images/brand/brand-1-3.png]
[html.themehealer.com/careon/assets/images/brand/brand-1-4.png]
[html.themehealer.com/careon/assets/images/brand/brand-1-5.png]
[html.themehealer.com/careon/assets/images/project/project-1-1.jpg]
[html.themehealer.com/careon/assets/images/project/project-1-2.jpg]
[html.themehealer.com/careon/assets/images/project/project-1-3.jpg]
[html.themehealer.com/careon/assets/images/project/project-1-4.jpg]
[html.themehealer.com/careon/assets/images/team/team-1-1.jpg]
[html.themehealer.com/careon/assets/images/team/team-1-2.jpg]
[html.themehealer.com/careon/assets/images/team/team-1-3.jpg]
[html.themehealer.com/careon/assets/images/team/team-1-4.jpg]
[html.themehealer.com/careon/assets/images/resources/faq-one-img-1.jpg]
[html.themehealer.com/careon/assets/images/testimonial/testimonial-one-img-1.jpg]
[html.themehealer.com/careon/assets/images/blog/blog-1-1.jpg]
[html.themehealer.com/careon/assets/images/blog/blog-1-2.jpg]
[html.themehealer.com/careon/assets/images/blog/blog-1-3.jpg]
[html.themehealer.com/careon/assets/images/resources/contact-one-img-1.jpg]
[html.themehealer.com/careon/assets/images/shapes/site-footer-bg-shape.png]
[html.themehealer.com/careon/assets/images/resources/logo-3.png]
[html.themehealer.com/careon/assets/js/jquery-3.6.0.min.js]
[html.themehealer.com/careon/assets/js/bootstrap.bundle.min.js]
[html.themehealer.com/careon/assets/js/jarallax.min.js]
[html.themehealer.com/careon/assets/js/jquery.ajaxchimp.min.js]
[html.themehealer.com/careon/assets/js/jquery.appear.min.js]
[html.themehealer.com/careon/assets/js/jquery.magnific-popup.min.js]
[html.themehealer.com/careon/assets/js/jquery.circle-progress.min.js]
[html.themehealer.com/careon/assets/js/jquery.validate.min.js]
[html.themehealer.com/careon/assets/js/wNumb.min.js]
[html.themehealer.com/careon/assets/js/isotope.js]
[html.themehealer.com/careon/assets/js/swiper.min.js]
[html.themehealer.com/careon/assets/js/wow.js]
[html.themehealer.com/careon/assets/js/owl.carousel.min.js]
[html.themehealer.com/careon/assets/js/odometer.min.js]
[html.themehealer.com/careon/assets/js/jquery.nice-select.min.js]
[html.themehealer.com/careon/assets/js/jquery-sidebar-content.js]
[html.themehealer.com/careon/assets/js/gsap/gsap.js]
[html.themehealer.com/careon/assets/js/gsap/ScrollTrigger.js]
[html.themehealer.com/careon/assets/js/jquery-ui.js]
[html.themehealer.com/careon/assets/js/aos.js]
[html.themehealer.com/careon/assets/js/gsap/SplitText.js]
[html.themehealer.com/careon/index.html]
[html.themehealer.com/careon/assets/css/bootstrap.min.css]
[html.themehealer.com/careon/assets/css/animate.min.css]
[html.themehealer.com/careon/assets/css/custom-animate.css]
[html.themehealer.com/careon/assets/css/swiper.min.css]
[html.themehealer.com/careon/assets/js/script.js]
[html.themehealer.com/careon/assets/js/timePicker.js]
[html.themehealer.com/careon/assets/fonts/fa-brands-400.woff2]
[html.themehealer.com/careon/assets/fonts/fa-brands-400.eot]
[html.themehealer.com/careon/assets/fonts/fa-brands-400.woff]
[html.themehealer.com/careon/assets/fonts/fa-brands-400d41d.eot]
[html.themehealer.com/careon/assets/fonts/fa-light-300.woff2]
[html.themehealer.com/careon/assets/fonts/fa-brands-400.ttf]
[html.themehealer.com/careon/assets/fonts/fa-light-300.woff]
[html.themehealer.com/careon/assets/fonts/fa-regular-400.woff2]
[html.themehealer.com/careon/assets/fonts/fa-regular-400d41d.eot]
[html.themehealer.com/careon/assets/fonts/fa-regular-400.woff]
[html.themehealer.com/careon/assets/fonts/fa-regular-400.eot]
[html.themehealer.com/careon/assets/fonts/fa-solid-900.woff2]
[html.themehealer.com/careon/assets/fonts/fa-solid-900.woff]
[html.themehealer.com/careon/assets/css/font-awesome-all.css]
[html.themehealer.com/careon/assets/css/jarallax.css]
[html.themehealer.com/careon/assets/css/jquery.magnific-popup.css]
[html.themehealer.com/careon/assets/fonts/icomoon78ed.eot]
[html.themehealer.com/careon/assets/fonts/icomoon78ed.woff]
[html.themehealer.com/careon/assets/fonts/icomoon78ed.ttf]
[html.themehealer.com/careon/assets/css/flaticon.css]
[html.themehealer.com/careon/assets/fonts/icomoon78ed.svg]
[html.themehealer.com/careon/assets/css/owl.carousel.min.css]
[html.themehealer.com/careon/assets/css/odometer.min.css]
[html.themehealer.com/careon/assets/css/owl.theme.default.min.css]
[html.themehealer.com/careon/assets/css/nice-select.css]
[html.themehealer.com/careon/assets/css/images/ui-bg_highlight-soft_75_cccccc_1x100.png]
[html.themehealer.com/careon/assets/css/images/ui-bg_glass_75_e6e6e6_1x400.png]
[html.themehealer.com/careon/assets/css/images/ui-bg_glass_75_dadada_1x400.png]
[html.themehealer.com/careon/assets/css/images/ui-bg_glass_65_ffffff_1x400.png]
[html.themehealer.com/careon/assets/css/images/ui-bg_glass_55_fbf9ee_1x400.png]
[html.themehealer.com/careon/assets/css/images/ui-bg_glass_95_fef1ec_1x400.png]
[html.themehealer.com/careon/assets/css/images/ui-icons_222222_256x240.png]
[html.themehealer.com/careon/assets/css/images/ui-icons_888888_256x240.png]
[html.themehealer.com/careon/assets/css/images/ui-icons_454545_256x240.png]
[html.themehealer.com/careon/assets/css/images/ui-icons_2e83ff_256x240.png]
[html.themehealer.com/careon/assets/css/images/ui-icons_cd0a0a_256x240.png]
[html.themehealer.com/careon/assets/css/jquery-ui.css]
[html.themehealer.com/careon/assets/css/aos.css]
[html.themehealer.com/careon/assets/css/timePicker.css]
[html.themehealer.com/careon/assets/css/module-css/slider.css]
[html.themehealer.com/careon/assets/css/module-css/banner.css]
[html.themehealer.com/careon/assets/css/module-css/footer.css]
[html.themehealer.com/careon/assets/css/module-css/feature.css]
[html.themehealer.com/careon/assets/css/module-css/about.css]
[html.themehealer.com/careon/assets/css/module-css/brand.css]
[html.themehealer.com/careon/assets/css/module-css/service.css]
[html.themehealer.com/careon/assets/css/module-css/project.css]
[html.themehealer.com/careon/assets/css/module-css/team.css]
[html.themehealer.com/careon/assets/css/module-css/faq.css]
[html.themehealer.com/careon/assets/css/module-css/testimonial.css]
[html.themehealer.com/careon/assets/css/module-css/blog.css]
[html.themehealer.com/careon/assets/css/module-css/contact.css]
[html.themehealer.com/careon/assets/images/loader.png]
[html.themehealer.com/careon/assets/css/style.css]
[html.themehealer.com/careon/assets/css/responsive.css]
[html.themehealer.com/careon/assets/css/module-css/sliding-text.css]
[html.themehealer.com/careon/assets/css/module-css/newsletter.css]
[html.themehealer.com/careon/assets/css/module-css/why-choose.css]
[html.themehealer.com/careon/assets/css/module-css/appiontment.css]
[html.themehealer.com/careon/assets/images/resources/logo-2.png]
[html.themehealer.com/careon/assets/css/module-css/counter.css]
[html.themehealer.com/careon/assets/images/resources/main-slider-img-1.jpg]
[html.themehealer.com/careon/assets/images/resources/main-slider-img-2.jpg]
[html.themehealer.com/careon/assets/images/resources/main-slider-img-3.jpg]
[html.themehealer.com/careon/assets/images/resources/about-two-img-1.jpg]
[html.themehealer.com/careon/assets/images/resources/about-two-img-2.jpg]
[html.themehealer.com/careon/assets/images/project/project-2-1.jpg]
[html.themehealer.com/careon/assets/images/project/project-2-2.jpg]
[html.themehealer.com/careon/assets/images/project/project-2-3.jpg]
[html.themehealer.com/careon/assets/images/project/project-2-4.jpg]
[html.themehealer.com/careon/assets/images/project/project-2-6.jpg]
[html.themehealer.com/careon/assets/images/project/project-2-5.jpg]
[html.themehealer.com/careon/assets/images/resources/why-choose-one-img-1.png]
[html.themehealer.com/careon/assets/images/shapes/why-choose-one-img-shape-1.png]
[html.themehealer.com/careon/assets/images/team/team-2-1.jpg]
[html.themehealer.com/careon/assets/images/team/team-2-2.jpg]
[html.themehealer.com/careon/assets/images/team/team-2-3.jpg]
[html.themehealer.com/careon/assets/images/resources/appiontment-one-img-1.jpg]
[html.themehealer.com/careon/assets/images/resources/newsletter-one-img-1.png]
[html.themehealer.com/careon/assets/images/shapes/newsletter-one-shape-1.png]
[html.themehealer.com/careon/assets/images/shapes/newsletter-one-shape-2.png]
[html.themehealer.com/careon/assets/images/testimonial/testimonial-two-img-1.jpg]
[html.themehealer.com/careon/assets/images/blog/blog-2-1.jpg]
[html.themehealer.com/careon/assets/images/blog/blog-2-2.jpg]
[html.themehealer.com/careon/assets/images/blog/blog-2-3.jpg]
[html.themehealer.com/careon/assets/images/shapes/site-footer-two-bg-shape.png]
[html.themehealer.com/careon/index2.html]
[html.themehealer.com/careon/assets/js/marquee.min.js]
[html.themehealer.com/careon/assets/images/icon/chat-icon.png]
[html.themehealer.com/careon/assets/images/backgrounds/slider-2-1.jpg]
[html.themehealer.com/careon/assets/images/backgrounds/slider-2-2.jpg]
[html.themehealer.com/careon/assets/images/backgrounds/slider-2-3.jpg]
[html.themehealer.com/careon/assets/images/backgrounds/services-three-get-a-quote-bg.jpg]
[html.themehealer.com/careon/assets/images/resources/about-three-img-1.jpg]
[html.themehealer.com/careon/assets/images/resources/about-three-img-2.jpg]
[html.themehealer.com/careon/assets/images/resources/about-three-trusted-patient-img-1.jpg]
[html.themehealer.com/careon/assets/images/resources/about-three-trusted-patient-img-2.jpg]
[html.themehealer.com/careon/assets/images/resources/about-three-trusted-patient-img-3.jpg]
[html.themehealer.com/careon/assets/images/resources/about-three-trusted-patient-img-4.jpg]
[html.themehealer.com/careon/assets/images/icon/awards-icon-1.png]
[html.themehealer.com/careon/assets/images/shapes/team-three-shape-bg.png]
[html.themehealer.com/careon/assets/images/team/team-3-1.jpg]
[html.themehealer.com/careon/assets/images/team/team-3-2.jpg]
[html.themehealer.com/careon/assets/images/team/team-3-3.jpg]
[html.themehealer.com/careon/assets/images/resources/why-choose-two-img-1.jpg]
[html.themehealer.com/careon/assets/images/project/project-3-1.jpg]
[html.themehealer.com/careon/assets/images/project/project-3-2.jpg]
[html.themehealer.com/careon/assets/images/project/project-3-3.jpg]
[html.themehealer.com/careon/assets/images/project/project-3-4.jpg]
[html.themehealer.com/careon/assets/images/project/project-3-5.jpg]
[html.themehealer.com/careon/assets/images/testimonial/testimonial-3-1.jpg]
[html.themehealer.com/careon/assets/images/testimonial/testimonial-3-2.jpg]
[html.themehealer.com/careon/assets/images/testimonial/testimonial-3-3.jpg]
[html.themehealer.com/careon/assets/images/blog/blog-3-1.jpg]
[html.themehealer.com/careon/assets/images/blog/blog-3-2.jpg]
[html.themehealer.com/careon/assets/images/blog/blog-3-3.jpg]
[html.themehealer.com/careon/assets/images/shapes/site-footer-three-shape-1.png]
[html.themehealer.com/careon/index3.html]
[html.themehealer.com/careon/assets/css/twentytwenty.css]
[html.themehealer.com/careon/assets/css/module-css/before-and-after.css]
[html.themehealer.com/careon/assets/css/module-css/video.css]
[html.themehealer.com/careon/assets/images/shapes/banner-two-shape-bg.png]
[html.themehealer.com/careon/assets/images/resources/banner-two-review-img-1.jpg]
[html.themehealer.com/careon/assets/images/resources/banner-two-review-img-2.jpg]
[html.themehealer.com/careon/assets/images/resources/banner-two-review-img-3.jpg]
[html.themehealer.com/careon/assets/images/resources/banner-two-img-1.jpg]
[html.themehealer.com/careon/assets/images/resources/about-four-img-1.png]
[html.themehealer.com/careon/assets/images/resources/about-four-trusted-patient-img-1.jpg]
[html.themehealer.com/careon/assets/images/resources/about-four-trusted-patient-img-2.jpg]
[html.themehealer.com/careon/assets/images/resources/about-four-trusted-patient-img-4.jpg]
[html.themehealer.com/careon/assets/images/team/team-4-1.jpg]
[html.themehealer.com/careon/assets/images/team/team-4-2.jpg]
[html.themehealer.com/careon/assets/images/team/team-4-3.jpg]
[html.themehealer.com/careon/assets/images/resources/faq-three-img-1.jpg]
[html.themehealer.com/careon/assets/images/brand/brand-2-1.png]
[html.themehealer.com/careon/assets/images/brand/brand-2-2.png]
[html.themehealer.com/careon/assets/images/brand/brand-2-3.png]
[html.themehealer.com/careon/assets/images/brand/brand-2-4.png]
[html.themehealer.com/careon/assets/images/brand/brand-2-5.png]
[html.themehealer.com/careon/assets/images/resources/video-one-img-1.jpg]
[html.themehealer.com/careon/assets/images/shapes/video-one-shape-1.png]
[html.themehealer.com/careon/assets/images/testimonial/testimonial-4-1.jpg]
[html.themehealer.com/careon/assets/images/testimonial/testimonial-4-2.jpg]
[html.themehealer.com/careon/assets/images/resources/before-and-after-img.jpg]
[html.themehealer.com/careon/assets/images/resources/before-and-after-img-2.jpg]
[html.themehealer.com/careon/assets/images/resources/contact-two-img-1.jpg]
[html.themehealer.com/careon/assets/images/blog/blog-4-1.jpg]
[html.themehealer.com/careon/assets/images/blog/blog-4-2.jpg]
[html.themehealer.com/careon/assets/images/blog/blog-4-3.jpg]
[html.themehealer.com/careon/assets/js/twentytwenty.js]
[html.themehealer.com/careon/assets/js/jquery.event.move.js]
[html.themehealer.com/careon/assets/js/jquery.circleType.js]
[html.themehealer.com/careon/assets/js/jquery.lettering.min.js]
[html.themehealer.com/careon/assets/js/jquery.fittext.js]
[html.themehealer.com/careon/index4.html]
[html.themehealer.com/careon/assets/css/module-css/pricing.css]
[html.themehealer.com/careon/assets/images/backgrounds/slider-3-1.jpg]
[html.themehealer.com/careon/assets/images/resources/banner-three-review-img-1.jpg]
[html.themehealer.com/careon/assets/images/resources/banner-three-review-img-2.jpg]
[html.themehealer.com/careon/assets/images/resources/banner-three-review-img-3.jpg]
[html.themehealer.com/careon/assets/images/backgrounds/slider-3-2.jpg]
[html.themehealer.com/careon/assets/images/backgrounds/slider-3-3.jpg]
[html.themehealer.com/careon/assets/images/resources/about-five-img-1.jpg]
[html.themehealer.com/careon/assets/images/resources/about-five-doctor-1.jpg]
[html.themehealer.com/careon/assets/images/resources/about-five-doctor-2.jpg]
[html.themehealer.com/careon/assets/images/resources/about-five-doctor-3.jpg]
[html.themehealer.com/careon/assets/images/resources/about-five-doctor-4.jpg]
[html.themehealer.com/careon/assets/images/backgrounds/why-choose-three-bg.jpg]
[html.themehealer.com/careon/assets/images/resources/pricing-1-1.jpg]
[html.themehealer.com/careon/assets/images/resources/pricing-1-2.jpg]
[html.themehealer.com/careon/assets/images/resources/pricing-1-3.jpg]
[html.themehealer.com/careon/assets/images/project/project-4-1.jpg]
[html.themehealer.com/careon/assets/images/project/project-4-2.jpg]
[html.themehealer.com/careon/assets/images/project/project-4-3.jpg]
[html.themehealer.com/careon/assets/images/project/project-4-4.jpg]
[html.themehealer.com/careon/assets/images/team/team-5-1.jpg]
[html.themehealer.com/careon/assets/images/shapes/team-five-shape-1.png]
[html.themehealer.com/careon/assets/images/team/team-5-2.jpg]
[html.themehealer.com/careon/assets/images/resources/feature-two-single-one-img-1.png]
[html.themehealer.com/careon/assets/images/resources/feature-two-img-1.jpg]
[html.themehealer.com/careon/assets/images/resources/feature-two-img-2.jpg]
[html.themehealer.com/careon/assets/images/resources/feature-two-single-two-img-1.png]
[html.themehealer.com/careon/assets/images/resources/appiontment-three-img-1.jpg]
[html.themehealer.com/careon/assets/images/blog/blog-5-1.jpg]
[html.themehealer.com/careon/assets/images/blog/blog-5-2.jpg]
[html.themehealer.com/careon/assets/images/blog/blog-5-3.jpg]
[html.themehealer.com/careon/index5.html]
[html.themehealer.com/careon/index-dark.html]
[html.themehealer.com/careon/assets/css/dark.css]
[html.themehealer.com/careon/index-one-page.html]
[html.themehealer.com/careon/index2-one-page.html]
[html.themehealer.com/careon/index3-one-page.html]
[html.themehealer.com/careon/index4-one-page.html]
[html.themehealer.com/careon/index5-one-page.html]
[html.themehealer.com/careon/assets/css/module-css/page-header.css]
[html.themehealer.com/careon/assets/images/backgrounds/page-header-bg.jpg]
[html.themehealer.com/careon/assets/images/testimonial/testimonial-six-img-1.png]
[html.themehealer.com/careon/about.html]
[html.themehealer.com/careon/assets/images/team/team-2-4.jpg]
[html.themehealer.com/careon/assets/images/team/team-2-5.jpg]
[html.themehealer.com/careon/assets/images/team/team-2-6.jpg]
[html.themehealer.com/careon/doctor.html]
[html.themehealer.com/careon/doctor-carousel.html]
[html.themehealer.com/careon/assets/images/team/team-details-img-1.jpg]
[html.themehealer.com/careon/doctor-details.html]
[html.themehealer.com/careon/project.html]
[html.themehealer.com/careon/assets/images/project/project-carousel-1-1.jpg]
[html.themehealer.com/careon/assets/images/project/project-carousel-1-2.jpg]
[html.themehealer.com/careon/assets/images/project/project-carousel-1-3.jpg]
[html.themehealer.com/careon/assets/images/project/project-carousel-1-4.jpg]
[html.themehealer.com/careon/assets/images/project/project-carousel-1-5.jpg]
[html.themehealer.com/careon/assets/images/project/project-carousel-1-6.jpg]
[html.themehealer.com/careon/assets/images/project/project-carousel-1-7.jpg]
[html.themehealer.com/careon/project-carousel.html]
[html.themehealer.com/careon/assets/images/project/project-details-img-1.jpg]
[html.themehealer.com/careon/assets/images/project/project-details-points-img.jpg]
[html.themehealer.com/careon/project-details.html]
[html.themehealer.com/careon/assets/css/module-css/error-page.css]
[html.themehealer.com/careon/assets/images/testimonial/testimonial-4-3.jpg]
[html.themehealer.com/careon/assets/images/testimonial/testimonial-4-4.jpg]
[html.themehealer.com/careon/assets/images/testimonial/testimonial-4-5.jpg]
[html.themehealer.com/careon/assets/images/testimonial/testimonial-4-6.jpg]
[html.themehealer.com/careon/testimonials.html]
[html.themehealer.com/careon/testimonial-carousel.html]
[html.themehealer.com/careon/pricing.html]
[html.themehealer.com/careon/appoinment.html]
[html.themehealer.com/careon/faq.html]
[html.themehealer.com/careon/404.html]
[html.themehealer.com/careon/services.html]
[html.themehealer.com/careon/service-carousel.html]
[html.themehealer.com/careon/assets/images/resources/service-details-img-1.jpg]
[html.themehealer.com/careon/assets/images/resources/service-details-img-box-img-1.jpg]
[html.themehealer.com/careon/assets/images/resources/service-details-img-box-img-2.jpg]
[html.themehealer.com/careon/assets/images/resources/service-details-need-help-bg.jpg]
[html.themehealer.com/careon/vitality-health-solutions.html]
[html.themehealer.com/careon/assets/images/resources/service-details-img-2.jpg]
[html.themehealer.com/careon/wellSpring-wellness-center.html]
[html.themehealer.com/careon/assets/images/resources/service-details-img-4.jpg]
[html.themehealer.com/careon/harmony-family-health-medical.html]
[html.themehealer.com/careon/assets/images/resources/service-details-img-5.jpg]
[html.themehealer.com/careon/evergreen-medical-center.html]
[html.themehealer.com/careon/assets/images/resources/service-details-img-3.jpg]
[html.themehealer.com/careon/pure-life-health-services.html]
[html.themehealer.com/careon/assets/images/shop/shop-product-1-1.jpg]
[html.themehealer.com/careon/assets/css/module-css/shop.css]
[html.themehealer.com/careon/assets/images/shop/shop-product-1-2.jpg]
[html.themehealer.com/careon/assets/images/shop/shop-product-1-3.jpg]
[html.themehealer.com/careon/assets/images/shop/shop-product-1-4.jpg]
[html.themehealer.com/careon/assets/images/shop/shop-product-1-5.jpg]
[html.themehealer.com/careon/assets/images/shop/shop-product-1-6.jpg]
[html.themehealer.com/careon/assets/images/shop/shop-product-1-7.jpg]
[html.themehealer.com/careon/assets/images/shop/shop-product-1-8.jpg]
[html.themehealer.com/careon/assets/images/shop/shop-product-1-9.jpg]
[html.themehealer.com/careon/assets/images/shop/shop-product-2-1.jpg]
[html.themehealer.com/careon/assets/images/shop/shop-product-2-2.jpg]
[html.themehealer.com/careon/assets/images/shop/shop-product-2-3.jpg]
[html.themehealer.com/careon/assets/images/shop/shop-product-2-4.jpg]
[html.themehealer.com/careon/assets/images/shop/shop-product-2-5.jpg]
[html.themehealer.com/careon/assets/images/shop/shop-product-2-6.jpg]
[html.themehealer.com/careon/assets/images/shop/shop-product-2-7.jpg]
[html.themehealer.com/careon/assets/images/shop/shop-product-2-8.jpg]
[html.themehealer.com/careon/assets/images/shop/shop-product-2-9.jpg]
[html.themehealer.com/careon/assets/images/shop/product-thumb-1.jpg]
[html.themehealer.com/careon/assets/images/shop/product-thumb-2.jpg]
[html.themehealer.com/careon/assets/images/shop/product-thumb-3.jpg]
[html.themehealer.com/careon/assets/images/shop/product-thumb-4.jpg]
[html.themehealer.com/careon/products.html]
[html.themehealer.com/careon/assets/images/shop/product-details-img-1.jpg]
[html.themehealer.com/careon/assets/images/shop/product-details-img-2.jpg]
[html.themehealer.com/careon/assets/images/shop/product-details-img-3.jpg]
[html.themehealer.com/careon/assets/images/shop/product-details-thumb-img-1.jpg]
[html.themehealer.com/careon/assets/images/shop/product-details-thumb-img-2.jpg]
[html.themehealer.com/careon/assets/images/shop/product-details-thumb-img-3.jpg]
[html.themehealer.com/careon/assets/images/shop/review-1-1.jpg]
[html.themehealer.com/careon/assets/images/shop/review-1-2.jpg]
[html.themehealer.com/careon/product-details.html]
[html.themehealer.com/careon/assets/images/shop/cart-page-img-1.jpg]
[html.themehealer.com/careon/assets/images/shop/cart-page-img-2.jpg]
[html.themehealer.com/careon/cart.html]
[html.themehealer.com/careon/checkout.html]
[html.themehealer.com/careon/assets/images/shop/wishlist-page-img-1.jpg]
[html.themehealer.com/careon/assets/images/shop/wishlist-page-img-2.jpg]
[html.themehealer.com/careon/assets/images/shop/wishlist-page-img-3.jpg]
[html.themehealer.com/careon/assets/images/shop/wishlist-page-img-4.jpg]
[html.themehealer.com/careon/wishlist.html]
[html.themehealer.com/careon/assets/images/icon/icon-google-2.png]
[html.themehealer.com/careon/assets/images/icon/icon-facebook.png]
[html.themehealer.com/careon/sign-up.html]
[html.themehealer.com/careon/login.html]
[html.themehealer.com/careon/assets/images/blog/blog-1-4.jpg]
[html.themehealer.com/careon/assets/images/blog/blog-1-5.jpg]
[html.themehealer.com/careon/assets/images/blog/blog-1-6.jpg]
[html.themehealer.com/careon/blog.html]
[html.themehealer.com/careon/blog-carousel.html]
[html.themehealer.com/careon/assets/images/blog/blog-list-1-1.jpg]
[html.themehealer.com/careon/assets/images/blog/blog-list-1-2.jpg]
[html.themehealer.com/careon/assets/images/blog/blog-list-1-3.jpg]
[html.themehealer.com/careon/blog-list.html]
[html.themehealer.com/careon/blog-list-2.html]
[html.themehealer.com/careon/assets/images/blog/blog-details-img-1.jpg]
[html.themehealer.com/careon/assets/images/blog/blog-details-bottom-img.jpg]
[html.themehealer.com/careon/assets/images/blog/comment-1-1.jpg]
[html.themehealer.com/careon/assets/images/blog/comment-1-2.jpg]
[html.themehealer.com/careon/blog-details.html]
[html.themehealer.com/careon/contact.html]
[html.themehealer.com/careon/assets/fonts/fa-brands-400.html]
[html.themehealer.com/careon/assets/fonts/fa-light-300.html]
[html.themehealer.com/careon/assets/fonts/fa-light-300d41d.html]
[html.themehealer.com/careon/assets/fonts/fa-light-301.html]
[html.themehealer.com/careon/assets/fonts/fa-light-302.html]
[html.themehealer.com/careon/assets/fonts/fa-regular-400.html]
[html.themehealer.com/careon/assets/fonts/fa-regular-401.html]
[html.themehealer.com/careon/assets/fonts/fa-solid-900.html]
[html.themehealer.com/careon/assets/fonts/fa-solid-900d41d.html]
[html.themehealer.com/careon/assets/fonts/fa-solid-901.html]
[html.themehealer.com/careon/assets/fonts/fa-solid-902.html]
[html.themehealer.com/careon/assets/fonts/icomoon78ed.svg]
[html.themehealer.com/careon/assets/css/owl.video.play.html]
[html.themehealer.com/careon/assets/css/images/ui-icons_444444_256x240.html]
[html.themehealer.com/careon/assets/css/module-css/sliding-text.css]
[html.themehealer.com/careon/assets/css/module-css/newsletter.css]
[html.themehealer.com/careon/assets/css/module-css/why-choose.css]
[html.themehealer.com/careon/assets/css/module-css/appiontment.css]
[html.themehealer.com/careon/assets/css/module-css/counter.css]
[html.themehealer.com/careon/assets/css/twentytwenty.css]
[html.themehealer.com/careon/assets/css/module-css/before-and-after.css]
[html.themehealer.com/careon/assets/css/module-css/video.css]
[html.themehealer.com/careon/assets/images/team/team-3-1.jpg]
[html.themehealer.com/careon/assets/images/resources/about-four-trusted-patient-img-3.jpg]
[html.themehealer.com/careon/assets/images/shapes/contact-two-bg-shape.png]
[html.themehealer.com/careon/assets/css/module-css/pricing.css]
[html.themehealer.com/careon/assets/css/dark.css]
[html.themehealer.com/careon/assets/css/module-css/page-header.css]
[html.themehealer.com/careon/assets/css/module-css/error-page.css]
[html.themehealer.com/careon/assets/css/module-css/shop.css]
